<?xml version="1.0" encoding="UTF-8"?>
<!-- Generated by org.testng.reporters.JUnitXMLReporter -->
<testsuite ignored="0" hostname="SEZLAP-12009" failures="0" tests="4" name="Test" time="0.07" errors="0" timestamp="2021-04-08T17:44:00 IST">
  <testcase classname="practice.Testng1" name="test01_first" time="0.009"/>
  <testcase classname="practice.Testng1" name="test02_second" time="0.001"/>
  <testcase classname="practice.Testng2" name="test03_third" time="0.001"/>
  <testcase classname="practice.Testng2" name="test_04fourth" time="0.001"/>
</testsuite> <!-- Test -->
