<?xml version="1.0" encoding="UTF-8"?>
<!-- Generated by org.testng.reporters.JUnitXMLReporter -->
<testsuite hostname="SEZLAP-12009" ignored="0" name="Test" tests="4" failures="0" timestamp="2021-04-09T01:38:55 IST" time="0.033" errors="0">
  <testcase name="test01_first" time="0.004" classname="practice.Testng1"/>
  <testcase name="test02_second" time="0.0" classname="practice.Testng1"/>
  <testcase name="test03_third" time="0.0" classname="practice.Testng2"/>
  <testcase name="test_04fourth" time="0.0" classname="practice.Testng2"/>
</testsuite> <!-- Test -->
