<?xml version="1.0" encoding="UTF-8"?>
<testng-results ignored="0" total="6" passed="6" failed="0" skipped="0">
  <reporter-output>
  </reporter-output>
  <suite started-at="2021-04-08T17:44:00 IST" name="Suite" finished-at="2021-04-08T17:44:00 IST" duration-ms="265">
    <groups>
    </groups>
    <test started-at="2021-04-08T17:44:00 IST" name="Test" finished-at="2021-04-08T17:44:00 IST" duration-ms="70">
      <class name="practice.Testng2">
        <test-method signature="test03_third()[pri:0, instance:practice.Testng2@59af0466]" started-at="2021-04-08T17:44:00 IST" name="test03_third" finished-at="2021-04-08T17:44:00 IST" duration-ms="1" status="PASS">
          <reporter-output>
          </reporter-output>
        </test-method> <!-- test03_third -->
        <test-method signature="test_04fourth()[pri:0, instance:practice.Testng2@59af0466]" started-at="2021-04-08T17:44:00 IST" name="test_04fourth" finished-at="2021-04-08T17:44:00 IST" duration-ms="1" status="PASS">
          <reporter-output>
          </reporter-output>
        </test-method> <!-- test_04fourth -->
      </class> <!-- practice.Testng2 -->
      <class name="practice.Testng1">
        <test-method signature="test01_first()[pri:0, instance:practice.Testng1@65f095f8]" started-at="2021-04-08T17:44:00 IST" name="test01_first" finished-at="2021-04-08T17:44:00 IST" duration-ms="9" status="PASS">
          <reporter-output>
          </reporter-output>
        </test-method> <!-- test01_first -->
        <test-method signature="test02_second()[pri:0, instance:practice.Testng1@65f095f8]" started-at="2021-04-08T17:44:00 IST" name="test02_second" finished-at="2021-04-08T17:44:00 IST" duration-ms="1" status="PASS">
          <reporter-output>
          </reporter-output>
        </test-method> <!-- test02_second -->
      </class> <!-- practice.Testng1 -->
    </test> <!-- Test -->
    <test started-at="2021-04-08T17:44:00 IST" name="Test2" finished-at="2021-04-08T17:44:00 IST" duration-ms="6">
      <class name="practice.Testng3">
        <test-method signature="test05_fifth()[pri:0, instance:practice.Testng3@1b6e1eff]" started-at="2021-04-08T17:44:00 IST" name="test05_fifth" finished-at="2021-04-08T17:44:00 IST" duration-ms="2" status="PASS">
          <reporter-output>
          </reporter-output>
        </test-method> <!-- test05_fifth -->
        <test-method signature="test06_sixth()[pri:0, instance:practice.Testng3@1b6e1eff]" started-at="2021-04-08T17:44:00 IST" name="test06_sixth" finished-at="2021-04-08T17:44:00 IST" duration-ms="2" status="PASS">
          <reporter-output>
          </reporter-output>
        </test-method> <!-- test06_sixth -->
      </class> <!-- practice.Testng3 -->
    </test> <!-- Test2 -->
  </suite> <!-- Suite -->
</testng-results>
