<?xml version="1.0" encoding="UTF-8"?>
<testng-results ignored="0" total="8" passed="8" failed="0" skipped="0">
  <reporter-output>
  </reporter-output>
  <suite started-at="2021-04-09T02:17:34 IST" name="Suite" finished-at="2021-04-09T02:17:34 IST" duration-ms="44">
    <groups>
      <group name="Nirvana">
        <method signature="Testng1.test02_second()[pri:0, instance:practice.Testng1@346d61be]" name="test02_second" class="practice.Testng1"/>
        <method signature="Testng2.test_04fourth()[pri:0, instance:practice.Testng2@55536d9e]" name="test_04fourth" class="practice.Testng2"/>
        <method signature="Testng3.test06_sixth()[pri:0, instance:practice.Testng3@747edf66]" name="test06_sixth" class="practice.Testng3"/>
      </group> <!-- Nirvana -->
    </groups>
    <test started-at="2021-04-09T02:17:34 IST" name="Test" finished-at="2021-04-09T02:17:34 IST" duration-ms="44">
      <class name="practice.Testng2">
        <test-method signature="test_04fourth()[pri:0, instance:practice.Testng2@55536d9e]" started-at="2021-04-09T02:17:34 IST" name="test_04fourth" finished-at="2021-04-09T02:17:34 IST" duration-ms="8" status="PASS">
          <reporter-output>
          </reporter-output>
        </test-method> <!-- test_04fourth -->
        <test-method signature="test03_third()[pri:0, instance:practice.Testng2@55536d9e]" started-at="2021-04-09T02:17:34 IST" name="test03_third" finished-at="2021-04-09T02:17:34 IST" duration-ms="8" status="PASS">
          <reporter-output>
          </reporter-output>
        </test-method> <!-- test03_third -->
      </class> <!-- practice.Testng2 -->
      <class name="practice.Testng3">
        <test-method signature="test05_fifth()[pri:0, instance:practice.Testng3@747edf66]" started-at="2021-04-09T02:17:34 IST" name="test05_fifth" finished-at="2021-04-09T02:17:34 IST" duration-ms="8" status="PASS">
          <reporter-output>
          </reporter-output>
        </test-method> <!-- test05_fifth -->
        <test-method signature="test06_sixth()[pri:0, instance:practice.Testng3@747edf66]" started-at="2021-04-09T02:17:34 IST" name="test06_sixth" finished-at="2021-04-09T02:17:34 IST" duration-ms="2" status="PASS">
          <reporter-output>
          </reporter-output>
        </test-method> <!-- test06_sixth -->
      </class> <!-- practice.Testng3 -->
      <class name="practice.Testng1">
        <test-method signature="test01_first()[pri:0, instance:practice.Testng1@346d61be]" started-at="2021-04-09T02:17:34 IST" name="test01_first" finished-at="2021-04-09T02:17:34 IST" duration-ms="8" status="PASS">
          <reporter-output>
          </reporter-output>
        </test-method> <!-- test01_first -->
        <test-method signature="test02_second()[pri:0, instance:practice.Testng1@346d61be]" started-at="2021-04-09T02:17:34 IST" name="test02_second" finished-at="2021-04-09T02:17:34 IST" duration-ms="8" status="PASS">
          <reporter-output>
          </reporter-output>
        </test-method> <!-- test02_second -->
        <test-method signature="test01_first()[pri:0, instance:practice.Testng1@346d61be]" started-at="2021-04-09T02:17:34 IST" name="test01_first" finished-at="2021-04-09T02:17:34 IST" duration-ms="2" status="PASS">
          <reporter-output>
          </reporter-output>
        </test-method> <!-- test01_first -->
        <test-method signature="test01_first()[pri:0, instance:practice.Testng1@346d61be]" started-at="2021-04-09T02:17:34 IST" name="test01_first" finished-at="2021-04-09T02:17:34 IST" duration-ms="1" status="PASS">
          <reporter-output>
          </reporter-output>
        </test-method> <!-- test01_first -->
      </class> <!-- practice.Testng1 -->
    </test> <!-- Test -->
  </suite> <!-- Suite -->
</testng-results>
